\BOOKMARK [0][-]{chapter.1}{\376\377\000\332\000v\000o\000d}{}% 1
\BOOKMARK [0][-]{chapter.2}{\376\377\000O\000p\000e\000r\000a\000c\000e}{}% 2
\BOOKMARK [1][-]{section.2.1}{\376\377\000S\000j\000e\000d\000n\000o\000c\000e\000n\000\355\000\040\000\050\000U\000n\000i\000o\000n\000\051}{chapter.2}% 3
\BOOKMARK [2][-]{subsection.2.1.1}{\376\377\000V\000l\000a\000s\000t\000n\000o\000s\000t\000i}{section.2.1}% 4
\BOOKMARK [2][-]{subsection.2.1.2}{\376\377\000P\001\131\000\355\000k\000l\000a\000d}{section.2.1}% 5
\BOOKMARK [1][-]{section.2.2}{\376\377\000P\000r\001\157\000n\000i\000k\000\040\000\050\000I\000n\000t\000e\000r\000s\000e\000c\000t\000i\000o\000n\000\051}{chapter.2}% 6
\BOOKMARK [2][-]{subsection.2.2.1}{\376\377\000V\000l\000a\000s\000t\000n\000o\000s\000t\000i}{section.2.2}% 7
\BOOKMARK [2][-]{subsection.2.2.2}{\376\377\000P\001\131\000\355\000k\000l\000a\000d}{section.2.2}% 8
\BOOKMARK [1][-]{section.2.3}{\376\377\000D\000o\000p\000l\000n\001\033\000k\000\040\000\050\000C\000o\000m\000p\000l\000e\000m\000e\000n\000t\000\051}{chapter.2}% 9
\BOOKMARK [2][-]{subsection.2.3.1}{\376\377\000V\000l\000a\000s\000t\000n\000o\000s\000t\000i}{section.2.3}% 10
\BOOKMARK [1][-]{section.2.4}{\376\377\000R\000o\000z\000d\000\355\000l\000\040\000\050\000D\000i\000f\000f\000e\000r\000e\000n\000c\000e\000\051}{chapter.2}% 11
\BOOKMARK [2][-]{subsection.2.4.1}{\376\377\000V\000l\000a\000s\000t\000n\000o\000s\000t\000i}{section.2.4}% 12
\BOOKMARK [1][-]{section.2.5}{\376\377\000R\000o\000z\000d\000\355\000l\000n\000\351\000\040\000s\000j\000e\000d\000n\000o\000c\000e\000n\000\355\000\040\000\050\000D\000i\000f\000f\000e\000r\000e\000n\000t\000\040\000U\000n\000i\000o\000n\000\051}{chapter.2}% 13
\BOOKMARK [2][-]{subsection.2.5.1}{\376\377\000V\000l\000a\000s\000t\000n\000o\000s\000t\000i}{section.2.5}% 14
\BOOKMARK [2][-]{subsection.2.5.2}{\376\377\000P\001\131\000\355\000k\000l\000a\000d}{section.2.5}% 15
\BOOKMARK [1][-]{section.2.6}{\376\377\000O\000p\000e\000r\000a\000c\000e\000\040\000"\000r\000o\000z\000d\000\355\000l\000n\000\351\000"\000\050\000O\000p\000e\000r\000a\000t\000i\000o\000n\000\040\000D\000i\000f\000e\000r\000e\000n\000t\000\051}{chapter.2}% 16
\BOOKMARK [2][-]{subsection.2.6.1}{\376\377\000V\000l\000a\000s\000t\000n\000o\000s\000t\000i}{section.2.6}% 17
\BOOKMARK [1][-]{section.2.7}{\376\377\000U\000n\000i\000k\000\341\000t\000n\000\355\000\040\000k\000o\000n\000k\000a\000t\000e\000n\000a\000c\000e\000\040\000\050\000U\000n\000i\000q\000u\000e\000\040\000C\000o\000n\000c\000a\000t\000e\000n\000a\000t\000i\000o\000n\000\051}{chapter.2}% 18
\BOOKMARK [2][-]{subsection.2.7.1}{\376\377\000V\000l\000a\000s\000t\000n\000o\000s\000t\000i}{section.2.7}% 19
\BOOKMARK [1][-]{section.2.8}{\376\377\000P\000r\000e\000f\000i\000x\000e\000s}{chapter.2}% 20
\BOOKMARK [2][-]{subsection.2.8.1}{\376\377\000V\000l\000a\000s\000t\000n\000o\000s\000t\000i}{section.2.8}% 21
\BOOKMARK [2][-]{subsection.2.8.2}{\376\377\000P\001\131\000\355\000k\000l\000a\000d}{section.2.8}% 22
\BOOKMARK [1][-]{section.2.9}{\376\377\000S\000h\000u\000f\000f\000l\000e}{chapter.2}% 23
\BOOKMARK [2][-]{subsection.2.9.1}{\376\377\000V\000l\000a\000s\000t\000n\000o\000s\000t\000i}{section.2.9}% 24
\BOOKMARK [2][-]{subsection.2.9.2}{\376\377\000P\001\131\000\355\000k\000l\000a\000d}{section.2.9}% 25
\BOOKMARK [1][-]{section.2.10}{\376\377\000S\000e\000k\000v\000e\000n\001\015\000n\000\355\000\040\000v\000k\000l\000\341\000d\000\341\000n\000\355\000\040\000\050\000S\000e\000q\000u\000e\000n\000t\000i\000a\000l\000\040\000I\000n\000s\000e\000r\000t\000i\000o\000n\000\051}{chapter.2}% 26
\BOOKMARK [2][-]{subsection.2.10.1}{\376\377\000V\000l\000a\000s\000t\000n\000o\000s\000t\000i}{section.2.10}% 27
\BOOKMARK [2][-]{subsection.2.10.2}{\376\377\000P\001\131\000\355\000k\000l\000a\000d}{section.2.10}% 28
\BOOKMARK [1][-]{section.2.11}{\376\377\000P\000a\000r\000a\000l\000e\000l\000n\000\355\000\040\000v\000k\000l\000\341\000d\000\341\000n\000\355\000\040\000\050\000P\000a\000r\000a\000l\000l\000e\000l\000\040\000I\000n\000s\000e\000r\000t\000i\000o\000n\000\051}{chapter.2}% 29
\BOOKMARK [2][-]{subsection.2.11.1}{\376\377\000V\000l\000a\000s\000t\000n\000o\000s\000t\000i}{section.2.11}% 30
\BOOKMARK [2][-]{subsection.2.11.2}{\376\377\000P\001\131\000\355\000k\000l\000a\000d}{section.2.11}% 31
\BOOKMARK [1][-]{section.2.12}{\376\377\000P\000r\000o\000t\000k\000\341\000n\000\355\000\040\000\050\000I\000n\000t\000e\000r\000l\000a\000c\000e\000m\000e\000n\000t\000\051}{chapter.2}% 32
\BOOKMARK [2][-]{subsection.2.12.1}{\376\377\000V\000l\000a\000s\000t\000n\000o\000s\000t\000i}{section.2.12}% 33
\BOOKMARK [2][-]{subsection.2.12.2}{\376\377\000P\001\131\000\355\000k\000l\000a\000d}{section.2.12}% 34
\BOOKMARK [1][-]{section.2.13}{\376\377\000S\000e\000k\000v\000e\000n\001\015\000n\000\355\000\040\000M\000a\000z\000\341\000n\000\355\000\040\000\050\000S\000e\000q\000u\000e\000n\000t\000i\000a\000l\000\040\000D\000e\000l\000e\000t\000i\000o\000n\000\051}{chapter.2}% 35
\BOOKMARK [2][-]{subsection.2.13.1}{\376\377\000V\000l\000a\000s\000t\000n\000o\000s\000t\000i}{section.2.13}% 36
\BOOKMARK [2][-]{subsection.2.13.2}{\376\377\000P\001\131\000\355\000k\000l\000a\000d}{section.2.13}% 37
\BOOKMARK [1][-]{section.2.14}{\376\377\000P\000l\000n\000\351\000\040\000z\000a\000k\000\341\000z\000\341\000n\000\355\000\040\000a\000b\000e\000c\000e\000d\000y\000\040\000\050\000F\000u\000l\000l\000\040\000A\000l\000p\000h\000a\000b\000e\000t\000\040\000d\000e\000l\000e\000t\000i\000o\000n\000\051}{chapter.2}% 38
\BOOKMARK [2][-]{subsection.2.14.1}{\376\377\000V\000l\000a\000s\000t\000n\000o\000s\000t\000i}{section.2.14}% 39
\BOOKMARK [2][-]{subsection.2.14.2}{\376\377\000P\001\131\000\355\000k\000l\000a\000d}{section.2.14}% 40
\BOOKMARK [1][-]{section.2.15}{\376\377\000P\000o\000p}{chapter.2}% 41
\BOOKMARK [2][-]{subsection.2.15.1}{\376\377\000V\000l\000a\000s\000t\000n\000o\000s\000t\000i}{section.2.15}% 42
\BOOKMARK [2][-]{subsection.2.15.2}{\376\377\000P\001\131\000\355\000k\000l\000a\000d}{section.2.15}% 43
\BOOKMARK [0][-]{chapter.3}{\376\377\000I\000m\000p\000l\000e\000m\000e\000n\000t\000a\000c\000e\000\040\000e\000k\000o\000s\000y\000s\000t\000\351\000m\000u\000\040\000p\000r\000o\000\040\000i\000m\000p\000l\000e\000m\000e\000n\000t\000a\000c\000i\000\040\000o\000p\000e\000r\000a\000c\000\355}{}% 44
\BOOKMARK [1][-]{section.3.1}{\376\377\000P\000o\001\176\000a\000d\000a\000v\000k\000y\000\040\000n\000a\000\040\000i\000m\000p\000l\000e\000m\000e\000n\000t\000a\000c\000i}{chapter.3}% 45
\BOOKMARK [2][-]{subsection.3.1.1}{\376\377\000R\000o\000z\001\141\000\355\001\131\000e\000n\000\355}{section.3.1}% 46
\BOOKMARK [1][-]{section.3.2}{\376\377\000J\000a\000z\000y\000k\000\040\000a\000\040\000b\000a\000l\000\355\001\015\000k\000y\000\040\000i\000m\000p\000l\000e\000m\000e\000n\000t\000a\000c\000e}{chapter.3}% 47
\BOOKMARK [2][-]{subsection.3.2.1}{\376\377\000B\000a\000l\000\355\001\015\000k\000y\000\040\000p\000o\000u\001\176\000i\000t\000\351\000\040\000p\000r\000o\000\040\000b\001\033\000h\000\040\000\050\000p\000r\000o\000d\000u\000k\001\015\000n\000\355\000\040\000p\000r\000o\000s\000t\001\131\000e\000d\000\355\000\051}{section.3.2}% 48
\BOOKMARK [2][-]{subsection.3.2.2}{\376\377\000B\000a\000l\000\355\001\015\000k\000y\000\040\000p\000o\000u\001\176\000i\000t\000\351\000\040\000p\000r\000o\000\040\000v\000\375\000v\000o\000j}{section.3.2}% 49
\BOOKMARK [2][-]{subsection.3.2.3}{\376\377\000T\000e\000s\000t\000o\000v\000a\000c\000\355\000\040\000p\000r\000o\000s\000t\001\131\000e\000d\000\355}{section.3.2}% 50
\BOOKMARK [1][-]{section.3.3}{\376\377\000V\000s\000t\000u\000p\000n\001\033\000\040\000v\000\375\000s\000t\000u\000p\000n\000\355\000\040\000f\000o\000r\000m\000\341\000t\000\040\000a\000u\000t\000o\000m\000a\000t\000u}{chapter.3}% 51
\BOOKMARK [1][-]{section.3.4}{\376\377\000I\000m\000p\000l\000e\000m\000e\000n\000t\000a\000c\000e}{chapter.3}% 52
\BOOKMARK [1][-]{section.3.5}{\376\377\000I\000m\000p\000l\000e\000m\000e\000n\000t\000a\000c\000e\000\040\000l\000i\000b\000o\000v\000o\000l\000n\000\351\000\040\000o\000p\000e\000r\000a\000c\000e\000\040\000n\000a\000d\000\040\000t\000\355\000m\000t\000o\000\040\000e\000k\000o\000s\000y\000s\000t\000\351\000m\000e\000m}{chapter.3}% 53
\BOOKMARK [1][-]{section.3.6}{\376\377\000Z\000p\000r\000o\000v\000o\000z\000n\001\033\000n\000\355}{chapter.3}% 54
\BOOKMARK [0][-]{chapter.4}{\376\377\000P\000o\000u\001\176\000i\000t\000\355\000\040\000o\000p\000e\000r\000a\000c\000\355\000\040\000n\000a\000d\000\040\000a\000u\000t\000o\000m\000a\000t\000y}{}% 55
\BOOKMARK [1][-]{section.4.1}{\376\377\000S\000j\000e\000d\000n\000o\000c\000e\000n\000\355\000\040\000\050\000U\000n\000i\000o\000n\000\051}{chapter.4}% 56
\BOOKMARK [2][-]{subsection.4.1.1}{\376\377\000I\000m\000p\000l\000e\000m\000e\000n\000t\000a\000c\000e}{section.4.1}% 57
\BOOKMARK [1][-]{section.4.2}{\376\377\000P\000r\001\157\000n\000i\000k\000\040\000\050\000I\000n\000t\000e\000r\000s\000e\000c\000t\000i\000o\000n\000\051}{chapter.4}% 58
\BOOKMARK [2][-]{subsection.4.2.1}{\376\377\000P\000r\000o\000v\000e\000d\000e\000n\000\355\000\040\000n\000a\000d\000\040\000a\000u\000t\000o\000m\000a\000t\000e\000m}{section.4.2}% 59
\BOOKMARK [2][-]{subsection.4.2.2}{\376\377\000I\000m\000p\000l\000e\000m\000e\000n\000t\000a\000c\000e}{section.4.2}% 60
\BOOKMARK [1][-]{section.4.3}{\376\377\000D\000o\000p\000l\000n\001\033\000k\000\040\000\050\000C\000o\000m\000p\000l\000e\000m\000e\000n\000t\000\051}{chapter.4}% 61
\BOOKMARK [2][-]{subsection.4.3.1}{\376\377\000P\000r\000o\000v\000e\000d\000e\000n\000\355\000\040\000n\000a\000d\000\040\000a\000u\000t\000o\000m\000a\000t\000e\000m}{section.4.3}% 62
\BOOKMARK [2][-]{subsection.4.3.2}{\376\377\000I\000m\000p\000l\000e\000m\000e\000n\000t\000a\000c\000e}{section.4.3}% 63
\BOOKMARK [1][-]{section.4.4}{\376\377\000R\000o\000z\000d\000\355\000l\000\040\000\050\000D\000i\000f\000f\000e\000r\000e\000n\000c\000e\000\051}{chapter.4}% 64
\BOOKMARK [2][-]{subsection.4.4.1}{\376\377\000P\000r\000o\000v\000e\000d\000e\000n\000\355\000\040\000n\000a\000d\000\040\000a\000u\000t\000o\000m\000a\000t\000e\000m}{section.4.4}% 65
\BOOKMARK [2][-]{subsection.4.4.2}{\376\377\000I\000m\000p\000l\000e\000m\000e\000n\000t\000a\000c\000e}{section.4.4}% 66
\BOOKMARK [1][-]{section.4.5}{\376\377\000R\000o\000z\000d\000\355\000l\000n\000\351\000\040\000s\000j\000e\000d\000n\000o\000c\000e\000n\000\355\000\040\000\050\000D\000i\000f\000f\000e\000r\000e\000n\000t\000\040\000U\000n\000i\000o\000n\000\051}{chapter.4}% 67
\BOOKMARK [2][-]{subsection.4.5.1}{\376\377\000P\000r\000o\000v\000e\000d\000e\000n\000\355\000\040\000n\000a\000d\000\040\000a\000u\000t\000o\000m\000a\000t\000e\000m}{section.4.5}% 68
\BOOKMARK [2][-]{subsection.4.5.2}{\376\377\000I\000m\000p\000l\000e\000m\000e\000n\000t\000a\000c\000e}{section.4.5}% 69
\BOOKMARK [1][-]{section.4.6}{\376\377\000O\000p\000e\000r\000a\000c\000e\000\040\000"\000R\000o\000z\000d\000\355\000l\000n\000\351\000"\000\050\000O\000p\000e\000r\000a\000t\000i\000o\000n\000\040\000D\000i\000f\000f\000e\000r\000e\000n\000t\000\051}{chapter.4}% 70
\BOOKMARK [2][-]{subsection.4.6.1}{\376\377\000P\000r\000o\000v\000e\000d\000e\000n\000\355\000\040\000n\000a\000d\000\040\000a\000u\000t\000o\000m\000a\000t\000e\000m}{section.4.6}% 71
\BOOKMARK [2][-]{subsection.4.6.2}{\376\377\000I\000m\000p\000l\000e\000m\000e\000n\000t\000a\000c\000e}{section.4.6}% 72
\BOOKMARK [1][-]{section.4.7}{\376\377\000K\000o\000n\000k\000a\000t\000e\000n\000a\000c\000e\000\040\000\050\000C\000o\000n\000c\000a\000t\000e\000n\000a\000t\000i\000o\000n\000\051}{chapter.4}% 73
\BOOKMARK [2][-]{subsection.4.7.1}{\376\377\000I\000m\000p\000l\000e\000m\000e\000n\000t\000a\000c\000e}{section.4.7}% 74
\BOOKMARK [1][-]{section.4.8}{\376\377\000U\000n\000i\000k\000\341\000t\000n\000\355\000\040\000K\000o\000n\000k\000a\000t\000e\000n\000a\000c\000e\000\040\000\050\000K\000o\000n\000k\000a\000t\000e\000n\000a\000c\000e\000\051}{chapter.4}% 75
\BOOKMARK [1][-]{section.4.9}{\376\377\000I\000m\000p\000l\000e\000m\000e\000n\000t\000a\000c\000e}{chapter.4}% 76
\BOOKMARK [1][-]{section.4.10}{\376\377\000P\001\131\000e\000d\000p\000o\000n\000y\000\040\000\050\000P\000r\000e\000f\000i\000x\000e\000s\000\051}{chapter.4}% 77
\BOOKMARK [2][-]{subsection.4.10.1}{\376\377\000P\000r\000o\000v\000e\000d\000e\000n\000\355\000\040\000n\000a\000d\000\040\000a\000u\000t\000o\000m\000a\000t\000e\000m}{section.4.10}% 78
\BOOKMARK [2][-]{subsection.4.10.2}{\376\377\000I\000m\000p\000l\000e\000m\000e\000n\000t\000a\000c\000e}{section.4.10}% 79
\BOOKMARK [1][-]{section.4.11}{\376\377\000\050\000S\000h\000u\000f\000f\000l\000e\000\051}{chapter.4}% 80
\BOOKMARK [2][-]{subsection.4.11.1}{\376\377\000P\000r\000o\000v\000e\000d\000e\000n\000\355\000\040\000n\000a\000d\000\040\000a\000u\000t\000o\000m\000a\000t\000e\000m}{section.4.11}% 81
\BOOKMARK [2][-]{subsection.4.11.2}{\376\377\000I\000m\000p\000l\000e\000m\000e\000n\000t\000a\000c\000e}{section.4.11}% 82
\BOOKMARK [1][-]{section.4.12}{\376\377\000S\000e\000k\000v\000e\000n\001\015\000n\000\355\000\040\000V\000l\000o\001\176\000e\000n\000\355\000\040\000\050\000S\000e\000q\000u\000e\000n\000t\000i\000a\000l\000\040\000I\000n\000s\000e\000r\000t\000i\000o\000n\000\051}{chapter.4}% 83
\BOOKMARK [2][-]{subsection.4.12.1}{\376\377\000P\000r\000o\000v\000e\000d\000e\000n\000\355\000\040\000n\000a\000d\000\040\000a\000u\000t\000o\000m\000a\000t\000e\000m}{section.4.12}% 84
\BOOKMARK [2][-]{subsection.4.12.2}{\376\377\000I\000m\000p\000l\000e\000m\000e\000n\000t\000a\000c\000e}{section.4.12}% 85
\BOOKMARK [1][-]{section.4.13}{\376\377\000P\000a\000r\000a\000l\000e\000l\000n\000\355\000\040\000v\000k\000l\000\341\000d\000\341\000n\000\355\000\040\000\050\000P\000a\000r\000a\000l\000e\000l\000\040\000I\000n\000s\000e\000r\000t\000i\000o\000n\000\051}{chapter.4}% 86
\BOOKMARK [2][-]{subsection.4.13.1}{\376\377\000P\000r\000o\000v\000e\000d\000e\000n\000\355\000\040\000n\000a\000d\000\040\000a\000u\000t\000o\000m\000a\000t\000e\000m}{section.4.13}% 87
\BOOKMARK [2][-]{subsection.4.13.2}{\376\377\000I\000m\000p\000l\000e\000m\000e\000n\000t\000a\000c\000e}{section.4.13}% 88
\BOOKMARK [1][-]{section.4.14}{\376\377\000P\000r\000o\000t\000k\000\341\000n\000\355\000\040\000\050\000I\000n\000t\000e\000r\000l\000a\000c\000e\000m\000e\000n\000t\000\051}{chapter.4}% 89
\BOOKMARK [2][-]{subsection.4.14.1}{\376\377\000I\000m\000p\000l\000e\000m\000e\000n\000t\000a\000c\000e}{section.4.14}% 90
\BOOKMARK [1][-]{section.4.15}{\376\377\000S\000e\000k\000v\000e\000n\001\015\000n\000\355\000\040\000m\000a\000z\000\341\000n\000\355\000\040\000\050\000S\000e\000q\000u\000e\000n\000t\000i\000a\000l\000\040\000D\000e\000l\000e\000t\000i\000o\000n\000\051}{chapter.4}% 91
\BOOKMARK [1][-]{section.4.16}{\376\377\000Z\000a\000k\000\341\000z\000\341\000n\000\355\000\040\000a\000b\000e\000c\000e\000d\000y\000\040\000\050\000F\000u\000l\000l\000\040\000A\000l\000p\000h\000a\000b\000e\000t\000\040\000d\000e\000l\000e\000t\000i\000o\000n\000\051}{chapter.4}% 92
\BOOKMARK [1][-]{section.4.17}{\376\377\000\050\000P\000o\000p\000\051}{chapter.4}% 93
\BOOKMARK [0][-]{chapter.5}{\376\377\000Z\000\341\000v\001\033\000r}{}% 94
\BOOKMARK [0][-]{chapter*.2}{\376\377\000L\000i\000t\000e\000r\000a\000t\000u\000r\000a}{}% 95
